<<<<<<< HEAD
<?xml version="1.0" encoding="UTF-8"?>
<testsuite xmlns:xsi="http://www.w3.org/2001/XMLSchema-instance" xsi:noNamespaceSchemaLocation="https://maven.apache.org/surefire/maven-surefire-plugin/xsd/surefire-test-report.xsd" name="stoneage.JoueurTest" time="0.056" tests="7" errors="0" skipped="0" failures="0">
  <properties>
    <property name="gopherProxySet" value="false"/>
    <property name="awt.toolkit" value="sun.lwawt.macosx.LWCToolkit"/>
    <property name="java.specification.version" value="11"/>
    <property name="sun.cpu.isalist" value=""/>
    <property name="sun.jnu.encoding" value="UTF-8"/>
    <property name="java.class.path" value="/Users/benabdelkrim/Documents/PROJET/projetinfo-2019-stoneage-sak/target/test-classes:/Users/benabdelkrim/Documents/PROJET/projetinfo-2019-stoneage-sak/target/classes:/Users/benabdelkrim/.m2/repository/org/junit/jupiter/junit-jupiter/5.5.2/junit-jupiter-5.5.2.jar:/Users/benabdelkrim/.m2/repository/org/junit/jupiter/junit-jupiter-api/5.5.2/junit-jupiter-api-5.5.2.jar:/Users/benabdelkrim/.m2/repository/org/apiguardian/apiguardian-api/1.1.0/apiguardian-api-1.1.0.jar:/Users/benabdelkrim/.m2/repository/org/opentest4j/opentest4j/1.2.0/opentest4j-1.2.0.jar:/Users/benabdelkrim/.m2/repository/org/junit/platform/junit-platform-commons/1.5.2/junit-platform-commons-1.5.2.jar:/Users/benabdelkrim/.m2/repository/org/junit/jupiter/junit-jupiter-params/5.5.2/junit-jupiter-params-5.5.2.jar:/Users/benabdelkrim/.m2/repository/org/junit/jupiter/junit-jupiter-engine/5.5.2/junit-jupiter-engine-5.5.2.jar:/Users/benabdelkrim/.m2/repository/org/junit/platform/junit-platform-engine/1.5.2/junit-platform-engine-1.5.2.jar:/Users/benabdelkrim/.m2/repository/org/mockito/mockito-junit-jupiter/3.0.0/mockito-junit-jupiter-3.0.0.jar:/Users/benabdelkrim/.m2/repository/org/mockito/mockito-core/3.0.0/mockito-core-3.0.0.jar:/Users/benabdelkrim/.m2/repository/net/bytebuddy/byte-buddy/1.9.10/byte-buddy-1.9.10.jar:/Users/benabdelkrim/.m2/repository/net/bytebuddy/byte-buddy-agent/1.9.10/byte-buddy-agent-1.9.10.jar:/Users/benabdelkrim/.m2/repository/org/objenesis/objenesis/2.6/objenesis-2.6.jar:/Users/benabdelkrim/.m2/repository/junit/junit/4.13-rc-1/junit-4.13-rc-1.jar:/Users/benabdelkrim/.m2/repository/org/hamcrest/hamcrest-core/1.3/hamcrest-core-1.3.jar:"/>
    <property name="java.vm.vendor" value="JetBrains s.r.o"/>
    <property name="sun.arch.data.model" value="64"/>
    <property name="java.vendor.url" value="https://www.jetbrains.com/"/>
    <property name="user.timezone" value=""/>
    <property name="java.vm.specification.version" value="11"/>
    <property name="os.name" value="Mac OS X"/>
    <property name="sun.java.launcher" value="SUN_STANDARD"/>
    <property name="user.country" value="FR"/>
    <property name="sun.boot.library.path" value="/Applications/IntelliJ IDEA.app/Contents/jbr/Contents/Home/lib"/>
    <property name="sun.java.command" value="/Users/benabdelkrim/Documents/PROJET/projetinfo-2019-stoneage-sak/target/surefire/surefirebooter18041761758347840684.jar /Users/benabdelkrim/Documents/PROJET/projetinfo-2019-stoneage-sak/target/surefire 2019-11-08T10-53-12_820-jvmRun1 surefire4109970979314070770tmp surefire_016081992187646476509tmp"/>
    <property name="http.nonProxyHosts" value="local|*.local|169.254/16|*.169.254/16"/>
    <property name="jdk.debug" value="release"/>
    <property name="surefire.test.class.path" value="/Users/benabdelkrim/Documents/PROJET/projetinfo-2019-stoneage-sak/target/test-classes:/Users/benabdelkrim/Documents/PROJET/projetinfo-2019-stoneage-sak/target/classes:/Users/benabdelkrim/.m2/repository/org/junit/jupiter/junit-jupiter/5.5.2/junit-jupiter-5.5.2.jar:/Users/benabdelkrim/.m2/repository/org/junit/jupiter/junit-jupiter-api/5.5.2/junit-jupiter-api-5.5.2.jar:/Users/benabdelkrim/.m2/repository/org/apiguardian/apiguardian-api/1.1.0/apiguardian-api-1.1.0.jar:/Users/benabdelkrim/.m2/repository/org/opentest4j/opentest4j/1.2.0/opentest4j-1.2.0.jar:/Users/benabdelkrim/.m2/repository/org/junit/platform/junit-platform-commons/1.5.2/junit-platform-commons-1.5.2.jar:/Users/benabdelkrim/.m2/repository/org/junit/jupiter/junit-jupiter-params/5.5.2/junit-jupiter-params-5.5.2.jar:/Users/benabdelkrim/.m2/repository/org/junit/jupiter/junit-jupiter-engine/5.5.2/junit-jupiter-engine-5.5.2.jar:/Users/benabdelkrim/.m2/repository/org/junit/platform/junit-platform-engine/1.5.2/junit-platform-engine-1.5.2.jar:/Users/benabdelkrim/.m2/repository/org/mockito/mockito-junit-jupiter/3.0.0/mockito-junit-jupiter-3.0.0.jar:/Users/benabdelkrim/.m2/repository/org/mockito/mockito-core/3.0.0/mockito-core-3.0.0.jar:/Users/benabdelkrim/.m2/repository/net/bytebuddy/byte-buddy/1.9.10/byte-buddy-1.9.10.jar:/Users/benabdelkrim/.m2/repository/net/bytebuddy/byte-buddy-agent/1.9.10/byte-buddy-agent-1.9.10.jar:/Users/benabdelkrim/.m2/repository/org/objenesis/objenesis/2.6/objenesis-2.6.jar:/Users/benabdelkrim/.m2/repository/junit/junit/4.13-rc-1/junit-4.13-rc-1.jar:/Users/benabdelkrim/.m2/repository/org/hamcrest/hamcrest-core/1.3/hamcrest-core-1.3.jar:"/>
    <property name="sun.cpu.endian" value="little"/>
    <property name="user.home" value="/Users/benabdelkrim"/>
    <property name="user.language" value="fr"/>
    <property name="java.specification.vendor" value="Oracle Corporation"/>
    <property name="java.version.date" value="2019-07-16"/>
    <property name="java.home" value="/Applications/IntelliJ IDEA.app/Contents/jbr/Contents/Home"/>
    <property name="file.separator" value="/"/>
    <property name="basedir" value="/Users/benabdelkrim/Documents/PROJET/projetinfo-2019-stoneage-sak"/>
    <property name="java.vm.compressedOopsMode" value="Zero based"/>
    <property name="line.separator" value="&#10;"/>
    <property name="idea.version2019.2.4" value="true"/>
    <property name="java.specification.name" value="Java Platform API Specification"/>
    <property name="java.vm.specification.vendor" value="Oracle Corporation"/>
    <property name="java.awt.graphicsenv" value="sun.awt.CGraphicsEnvironment"/>
    <property name="surefire.real.class.path" value="/Users/benabdelkrim/Documents/PROJET/projetinfo-2019-stoneage-sak/target/surefire/surefirebooter18041761758347840684.jar"/>
    <property name="sun.management.compiler" value="HotSpot 64-Bit Tiered Compilers"/>
    <property name="ftp.nonProxyHosts" value="local|*.local|169.254/16|*.169.254/16"/>
    <property name="java.runtime.version" value="11.0.4+10-b304.77"/>
    <property name="user.name" value="benabdelkrim"/>
    <property name="path.separator" value=":"/>
    <property name="os.version" value="10.14.3"/>
    <property name="java.runtime.name" value="OpenJDK Runtime Environment"/>
    <property name="file.encoding" value="UTF-8"/>
    <property name="java.vm.name" value="OpenJDK 64-Bit Server VM"/>
    <property name="localRepository" value="/Users/benabdelkrim/.m2/repository"/>
    <property name="java.vendor.url.bug" value="https://youtrack.jetbrains.com"/>
    <property name="java.io.tmpdir" value="/var/folders/qq/xbv_w4y179v1gyq6kxmpt8k40000gn/T/"/>
    <property name="java.version" value="11.0.4"/>
    <property name="user.dir" value="/Users/benabdelkrim/Documents/PROJET/projetinfo-2019-stoneage-sak"/>
    <property name="os.arch" value="x86_64"/>
    <property name="java.vm.specification.name" value="Java Virtual Machine Specification"/>
    <property name="java.awt.printerjob" value="sun.lwawt.macosx.CPrinterJob"/>
    <property name="sun.os.patch.level" value="unknown"/>
    <property name="java.library.path" value="/Users/benabdelkrim/Library/Java/Extensions:/Library/Java/Extensions:/Network/Library/Java/Extensions:/System/Library/Java/Extensions:/usr/lib/java:."/>
    <property name="java.vendor" value="JetBrains s.r.o"/>
    <property name="java.vm.info" value="mixed mode"/>
    <property name="java.vm.version" value="11.0.4+10-b304.77"/>
    <property name="sun.io.unicode.encoding" value="UnicodeBig"/>
    <property name="java.class.version" value="55.0"/>
    <property name="socksNonProxyHosts" value="local|*.local|169.254/16|*.169.254/16"/>
  </properties>
  <testcase name="action" classname="stoneage.JoueurTest" time="0"/>
  <testcase name="getNum" classname="stoneage.JoueurTest" time="0"/>
  <testcase name="recupere" classname="stoneage.JoueurTest" time="0.009"/>
  <testcase name="getNbJoueur" classname="stoneage.JoueurTest" time="0.003"/>
  <testcase name="dÃ©e" classname="stoneage.JoueurTest" time="0.002"/>
  <testcase name="placement" classname="stoneage.JoueurTest" time="0.004"/>
  <testcase name="nourrir" classname="stoneage.JoueurTest" time="0"/>
=======
<?xml version="1.0" encoding="UTF-8"?>
<testsuite xmlns:xsi="http://www.w3.org/2001/XMLSchema-instance" xsi:noNamespaceSchemaLocation="https://maven.apache.org/surefire/maven-surefire-plugin/xsd/surefire-test-report.xsd" name="stoneage.JoueurTest" time="0.058" tests="4" errors="0" skipped="0" failures="0">
  <properties>
    <property name="gopherProxySet" value="false"/>
    <property name="awt.toolkit" value="sun.lwawt.macosx.LWCToolkit"/>
    <property name="java.specification.version" value="11"/>
    <property name="sun.cpu.isalist" value=""/>
    <property name="sun.jnu.encoding" value="UTF-8"/>
    <property name="java.class.path" value="/Users/benabdelkrim/Documents/PROJET/projetinfo-2019-stoneage-sak/target/test-classes:/Users/benabdelkrim/Documents/PROJET/projetinfo-2019-stoneage-sak/target/classes:/Users/benabdelkrim/.m2/repository/org/junit/jupiter/junit-jupiter/5.5.2/junit-jupiter-5.5.2.jar:/Users/benabdelkrim/.m2/repository/org/junit/jupiter/junit-jupiter-api/5.5.2/junit-jupiter-api-5.5.2.jar:/Users/benabdelkrim/.m2/repository/org/apiguardian/apiguardian-api/1.1.0/apiguardian-api-1.1.0.jar:/Users/benabdelkrim/.m2/repository/org/opentest4j/opentest4j/1.2.0/opentest4j-1.2.0.jar:/Users/benabdelkrim/.m2/repository/org/junit/platform/junit-platform-commons/1.5.2/junit-platform-commons-1.5.2.jar:/Users/benabdelkrim/.m2/repository/org/junit/jupiter/junit-jupiter-params/5.5.2/junit-jupiter-params-5.5.2.jar:/Users/benabdelkrim/.m2/repository/org/junit/jupiter/junit-jupiter-engine/5.5.2/junit-jupiter-engine-5.5.2.jar:/Users/benabdelkrim/.m2/repository/org/junit/platform/junit-platform-engine/1.5.2/junit-platform-engine-1.5.2.jar:/Users/benabdelkrim/.m2/repository/org/mockito/mockito-junit-jupiter/3.0.0/mockito-junit-jupiter-3.0.0.jar:/Users/benabdelkrim/.m2/repository/org/mockito/mockito-core/3.0.0/mockito-core-3.0.0.jar:/Users/benabdelkrim/.m2/repository/net/bytebuddy/byte-buddy/1.9.10/byte-buddy-1.9.10.jar:/Users/benabdelkrim/.m2/repository/net/bytebuddy/byte-buddy-agent/1.9.10/byte-buddy-agent-1.9.10.jar:/Users/benabdelkrim/.m2/repository/org/objenesis/objenesis/2.6/objenesis-2.6.jar:/Users/benabdelkrim/.m2/repository/junit/junit/4.13-rc-1/junit-4.13-rc-1.jar:/Users/benabdelkrim/.m2/repository/org/hamcrest/hamcrest-core/1.3/hamcrest-core-1.3.jar:"/>
    <property name="java.vm.vendor" value="JetBrains s.r.o"/>
    <property name="sun.arch.data.model" value="64"/>
    <property name="java.vendor.url" value="https://www.jetbrains.com/"/>
    <property name="user.timezone" value=""/>
    <property name="java.vm.specification.version" value="11"/>
    <property name="os.name" value="Mac OS X"/>
    <property name="sun.java.launcher" value="SUN_STANDARD"/>
    <property name="user.country" value="FR"/>
    <property name="sun.boot.library.path" value="/Applications/IntelliJ IDEA.app/Contents/jbr/Contents/Home/lib"/>
    <property name="sun.java.command" value="/Users/benabdelkrim/Documents/PROJET/projetinfo-2019-stoneage-sak/target/surefire/surefirebooter9714182340031195650.jar /Users/benabdelkrim/Documents/PROJET/projetinfo-2019-stoneage-sak/target/surefire 2019-11-07T17-23-06_462-jvmRun1 surefire11575327645552880333tmp surefire_017220141565927918588tmp"/>
    <property name="http.nonProxyHosts" value="local|*.local|169.254/16|*.169.254/16"/>
    <property name="jdk.debug" value="release"/>
    <property name="surefire.test.class.path" value="/Users/benabdelkrim/Documents/PROJET/projetinfo-2019-stoneage-sak/target/test-classes:/Users/benabdelkrim/Documents/PROJET/projetinfo-2019-stoneage-sak/target/classes:/Users/benabdelkrim/.m2/repository/org/junit/jupiter/junit-jupiter/5.5.2/junit-jupiter-5.5.2.jar:/Users/benabdelkrim/.m2/repository/org/junit/jupiter/junit-jupiter-api/5.5.2/junit-jupiter-api-5.5.2.jar:/Users/benabdelkrim/.m2/repository/org/apiguardian/apiguardian-api/1.1.0/apiguardian-api-1.1.0.jar:/Users/benabdelkrim/.m2/repository/org/opentest4j/opentest4j/1.2.0/opentest4j-1.2.0.jar:/Users/benabdelkrim/.m2/repository/org/junit/platform/junit-platform-commons/1.5.2/junit-platform-commons-1.5.2.jar:/Users/benabdelkrim/.m2/repository/org/junit/jupiter/junit-jupiter-params/5.5.2/junit-jupiter-params-5.5.2.jar:/Users/benabdelkrim/.m2/repository/org/junit/jupiter/junit-jupiter-engine/5.5.2/junit-jupiter-engine-5.5.2.jar:/Users/benabdelkrim/.m2/repository/org/junit/platform/junit-platform-engine/1.5.2/junit-platform-engine-1.5.2.jar:/Users/benabdelkrim/.m2/repository/org/mockito/mockito-junit-jupiter/3.0.0/mockito-junit-jupiter-3.0.0.jar:/Users/benabdelkrim/.m2/repository/org/mockito/mockito-core/3.0.0/mockito-core-3.0.0.jar:/Users/benabdelkrim/.m2/repository/net/bytebuddy/byte-buddy/1.9.10/byte-buddy-1.9.10.jar:/Users/benabdelkrim/.m2/repository/net/bytebuddy/byte-buddy-agent/1.9.10/byte-buddy-agent-1.9.10.jar:/Users/benabdelkrim/.m2/repository/org/objenesis/objenesis/2.6/objenesis-2.6.jar:/Users/benabdelkrim/.m2/repository/junit/junit/4.13-rc-1/junit-4.13-rc-1.jar:/Users/benabdelkrim/.m2/repository/org/hamcrest/hamcrest-core/1.3/hamcrest-core-1.3.jar:"/>
    <property name="sun.cpu.endian" value="little"/>
    <property name="user.home" value="/Users/benabdelkrim"/>
    <property name="user.language" value="fr"/>
    <property name="java.specification.vendor" value="Oracle Corporation"/>
    <property name="java.version.date" value="2019-07-16"/>
    <property name="java.home" value="/Applications/IntelliJ IDEA.app/Contents/jbr/Contents/Home"/>
    <property name="file.separator" value="/"/>
    <property name="basedir" value="/Users/benabdelkrim/Documents/PROJET/projetinfo-2019-stoneage-sak"/>
    <property name="java.vm.compressedOopsMode" value="Zero based"/>
    <property name="line.separator" value="&#10;"/>
    <property name="idea.version2019.2.4" value="true"/>
    <property name="java.specification.name" value="Java Platform API Specification"/>
    <property name="java.vm.specification.vendor" value="Oracle Corporation"/>
    <property name="java.awt.graphicsenv" value="sun.awt.CGraphicsEnvironment"/>
    <property name="surefire.real.class.path" value="/Users/benabdelkrim/Documents/PROJET/projetinfo-2019-stoneage-sak/target/surefire/surefirebooter9714182340031195650.jar"/>
    <property name="sun.management.compiler" value="HotSpot 64-Bit Tiered Compilers"/>
    <property name="ftp.nonProxyHosts" value="local|*.local|169.254/16|*.169.254/16"/>
    <property name="java.runtime.version" value="11.0.4+10-b304.77"/>
    <property name="user.name" value="benabdelkrim"/>
    <property name="path.separator" value=":"/>
    <property name="os.version" value="10.14.3"/>
    <property name="java.runtime.name" value="OpenJDK Runtime Environment"/>
    <property name="file.encoding" value="UTF-8"/>
    <property name="java.vm.name" value="OpenJDK 64-Bit Server VM"/>
    <property name="localRepository" value="/Users/benabdelkrim/.m2/repository"/>
    <property name="java.vendor.url.bug" value="https://youtrack.jetbrains.com"/>
    <property name="java.io.tmpdir" value="/var/folders/qq/xbv_w4y179v1gyq6kxmpt8k40000gn/T/"/>
    <property name="java.version" value="11.0.4"/>
    <property name="user.dir" value="/Users/benabdelkrim/Documents/PROJET/projetinfo-2019-stoneage-sak"/>
    <property name="os.arch" value="x86_64"/>
    <property name="java.vm.specification.name" value="Java Virtual Machine Specification"/>
    <property name="java.awt.printerjob" value="sun.lwawt.macosx.CPrinterJob"/>
    <property name="sun.os.patch.level" value="unknown"/>
    <property name="java.library.path" value="/Users/benabdelkrim/Library/Java/Extensions:/Library/Java/Extensions:/Network/Library/Java/Extensions:/System/Library/Java/Extensions:/usr/lib/java:."/>
    <property name="java.vendor" value="JetBrains s.r.o"/>
    <property name="java.vm.info" value="mixed mode"/>
    <property name="java.vm.version" value="11.0.4+10-b304.77"/>
    <property name="sun.io.unicode.encoding" value="UnicodeBig"/>
    <property name="java.class.version" value="55.0"/>
    <property name="socksNonProxyHosts" value="local|*.local|169.254/16|*.169.254/16"/>
  </properties>
  <testcase name="getNum" classname="stoneage.JoueurTest" time="0.034"/>
  <testcase name="recupere" classname="stoneage.JoueurTest" time="0.001"/>
  <testcase name="getNbJoueur" classname="stoneage.JoueurTest" time="0.001"/>
  <testcase name="placement" classname="stoneage.JoueurTest" time="0.001"/>
>>>>>>> ddaf2f7e7f6eb075639c8b0193ed194776bde9f6
</testsuite>